2013-09-29 01:34:35 - marcos - Grabar_L - I - (hola como va) 
2013-09-29 01:37:40 - marcos - Grabar_L - I - (hola como va buey) 
2013-09-29 10:51:51 - root - Grabar_L - I - (hola como va buey) 
2013-09-29 10:51:52 - root - Grabar_L - I - (hola como va buey) 
2013-09-29 10:51:54 - root - Grabar_L - I - (hola como va buey) 
2013-09-29 10:51:55 - root - Grabar_L - I - (hola como va buey) 
2013-09-30 01:11:12 - marcos - Instalar_TP - I - (Inicio de ejecución) 
2013-09-30 01:11:13 - marcos - Instalar_TP - I - (Log del Comando Instalar_TP: /home/marcos/TPs/SistemasOperativos/2c2013/svn/trunk/src/grupo10/confdir/Instalar_TP.log) 
2013-09-30 01:11:13 - marcos - Instalar_TP - I - (Directorio de Configuración: /home/marcos/TPs/SistemasOperativos/2c2013/svn/trunk/src/grupo10/confdir) 
2013-09-30 01:11:58 - marcos - Instalar_TP - I - (Inicio de ejecución) 
2013-09-30 01:11:58 - marcos - Instalar_TP - I - (Log del Comando Instalar_TP: /home/marcos/TPs/SistemasOperativos/2c2013/svn/trunk/src/grupo10/confdir/Instalar_TP.log) 
2013-09-30 01:11:58 - marcos - Instalar_TP - I - (Directorio de Configuración: /home/marcos/TPs/SistemasOperativos/2c2013/svn/trunk/src/grupo10/confdir) 
2013-09-30 01:11:58 - marcos - Instalar_TP - I - (TP) 
2013-09-30 01:11:58 - marcos - Instalar_TP - I - (Estado de la instalación: INCOMPLETA) 
2013-09-30 01:12:15 - marcos - Instalar_TP - I - (Inicio de ejecución) 
2013-09-30 01:12:15 - marcos - Instalar_TP - I - (Log del Comando Instalar_TP: /home/marcos/TPs/SistemasOperativos/2c2013/svn/trunk/src/grupo10/confdir/Instalar_TP.log) 
2013-09-30 01:12:15 - marcos - Instalar_TP - I - (Directorio de Configuración: /home/marcos/TPs/SistemasOperativos/2c2013/svn/trunk/src/grupo10/confdir) 
2013-09-30 01:12:15 - marcos - Instalar_TP - I - (TP) 
2013-09-30 01:12:15 - marcos - Instalar_TP - I - (Estado de la instalación: INCOMPLETA) 
2013-09-30 01:13:51 - marcos - Instalar_TP - I - (Inicio de ejecución) 
2013-09-30 01:13:51 - marcos - Instalar_TP - I - (Log del Comando Instalar_TP: /home/marcos/TPs/SistemasOperativos/2c2013/svn/trunk/src/grupo10/confdir/Instalar_TP.log) 
2013-09-30 01:13:51 - marcos - Instalar_TP - I - (Directorio de Configuración: /home/marcos/TPs/SistemasOperativos/2c2013/svn/trunk/src/grupo10/confdir) 
2013-09-30 01:13:51 - marcos - Instalar_TP - I - (TP) 
2013-09-30 01:13:51 - marcos - Instalar_TP - I - (Estado de la instalación: INCOMPLETA) 
2013-09-30 01:14:00 - marcos - Instalar_TP - I - (Inicio de ejecución) 
2013-09-30 01:14:01 - marcos - Instalar_TP - I - (Log del Comando Instalar_TP: /home/marcos/TPs/SistemasOperativos/2c2013/svn/trunk/src/grupo10/confdir/Instalar_TP.log) 
2013-09-30 01:14:01 - marcos - Instalar_TP - I - (Directorio de Configuración: /home/marcos/TPs/SistemasOperativos/2c2013/svn/trunk/src/grupo10/confdir) 
2013-09-30 01:14:01 - marcos - Instalar_TP - I - (TP) 
2013-09-30 01:14:01 - marcos - Instalar_TP - I - (Estado de la instalación: INCOMPLETA) 
2013-09-30 01:14:30 - marcos - Instalar_TP - I - (Inicio de ejecución) 
2013-09-30 01:14:30 - marcos - Instalar_TP - I - (Log del Comando Instalar_TP: /home/marcos/TPs/SistemasOperativos/2c2013/svn/trunk/src/grupo10/confdir/Instalar_TP.log) 
2013-09-30 01:14:30 - marcos - Instalar_TP - I - (Directorio de Configuración: /home/marcos/TPs/SistemasOperativos/2c2013/svn/trunk/src/grupo10/confdir) 
2013-09-30 01:14:30 - marcos - Instalar_TP - I - (TP) 
2013-09-30 01:14:30 - marcos - Instalar_TP - I - (Estado de la instalación: COMPLETA) 
2013-09-30 01:14:30 - marcos - Instalar_TP - I - (Proceso de Instalación Cancelado) 
2013-09-30 01:30:40 - marcos - Instalar_TP - I - (Inicio de ejecución) 
2013-09-30 01:30:40 - marcos - Instalar_TP - I - (Log del Comando Instalar_TP: /home/marcos/TPs/SistemasOperativos/2c2013/svn/trunk/src/grupo10/confdir/Instalar_TP.log) 
2013-09-30 01:30:40 - marcos - Instalar_TP - I - (Directorio de Configuración: /home/marcos/TPs/SistemasOperativos/2c2013/svn/trunk/src/grupo10/confdir) 
2013-09-30 01:30:40 - marcos - Instalar_TP - I - (TP) 
2013-09-30 01:30:40 - marcos - Instalar_TP - I - (Estado de la instalación: INCOMPLETA) 
2013-09-30 01:31:21 - marcos - Instalar_TP - I - (Inicio de ejecución) 
2013-09-30 01:31:21 - marcos - Instalar_TP - I - (Log del Comando Instalar_TP: /home/marcos/TPs/SistemasOperativos/2c2013/svn/trunk/src/grupo10/confdir/Instalar_TP.log) 
2013-09-30 01:31:21 - marcos - Instalar_TP - I - (Directorio de Configuración: /home/marcos/TPs/SistemasOperativos/2c2013/svn/trunk/src/grupo10/confdir) 
2013-09-30 01:31:21 - marcos - Instalar_TP - I - (TP) 
2013-09-30 01:31:21 - marcos - Instalar_TP - I - (Estado de la instalación: INCOMPLETA) 
2013-09-30 01:31:23 - marcos - Instalar_TP - SE - (Instalación incompleta) 
